<?xml version="1.0" encoding="UTF-8"?>
<!-- Generated by org.testng.reporters.JUnitReportReporter -->
<testsuite skipped="0" hostname="tilekbeks-MacBook-Pro.local" name="com.rcgdirect.tests.BackEnd_API_Test" tests="1" failures="0" timestamp="13 Sep 2018 21:00:57 GMT" time="3.125" errors="0">
  <testcase name="API_Testing" time="3.125" classname="com.rcgdirect.tests.BackEnd_API_Test"/>
</testsuite> <!-- com.rcgdirect.tests.BackEnd_API_Test -->
