<?xml version="1.0" encoding="UTF-8"?>
<!-- Generated by org.testng.reporters.JUnitReportReporter -->
<testsuite skipped="0" hostname="tilekbeks-MacBook-Pro.local" name="com.rcgdirect.tests.BackEnd_API_Testing" tests="1" failures="0" timestamp="13 Sep 2018 17:00:12 GMT" time="58.035" errors="0">
  <testcase name="apiTesting" time="58.035" classname="com.rcgdirect.tests.BackEnd_API_Testing"/>
</testsuite> <!-- com.rcgdirect.tests.BackEnd_API_Testing -->
