<?xml version="1.0" encoding="UTF-8"?>
<!-- Generated by org.testng.reporters.JUnitReportReporter -->
<testsuite skipped="0" hostname="tilekbeks-MacBook-Pro.local" name="com.rcgdirect.tests.RCG_BackEnd_API_Demo" tests="1" failures="0" timestamp="13 Sep 2018 03:10:08 GMT" time="1.362" errors="0">
  <testcase name="apiTest" time="1.362" classname="com.rcgdirect.tests.RCG_BackEnd_API_Demo"/>
</testsuite> <!-- com.rcgdirect.tests.RCG_BackEnd_API_Demo -->
