<?xml version="1.0" encoding="UTF-8"?>
<!-- Generated by org.testng.reporters.JUnitReportReporter -->
<testsuite skipped="0" hostname="tilekbeks-MacBook-Pro.local" name="com.rcgdirect.tests.BackEnd_Testing" tests="1" failures="0" timestamp="13 Sep 2018 16:35:38 GMT" time="0.740" errors="0">
  <testcase name="backEndTest" time="0.740" classname="com.rcgdirect.tests.BackEnd_Testing"/>
</testsuite> <!-- com.rcgdirect.tests.BackEnd_Testing -->
