<?xml version="1.0" encoding="UTF-8"?>
<!-- Generated by org.testng.reporters.JUnitReportReporter -->
<testsuite skipped="0" hostname="tilekbeks-MacBook-Pro.local" name="com.rcgdirect.tests.BackEnd_Demo" tests="1" failures="0" timestamp="13 Sep 2018 20:31:28 GMT" time="1.304" errors="0">
  <testcase name="backEndTest" time="1.304" classname="com.rcgdirect.tests.BackEnd_Demo"/>
</testsuite> <!-- com.rcgdirect.tests.BackEnd_Demo -->
