<?xml version="1.0" encoding="UTF-8"?>
<!-- Generated by org.testng.reporters.JUnitReportReporter -->
<testsuite skipped="0" hostname="tilekbeks-MacBook-Pro.local" name="com.rcgdirect.tests.RCG_Demo" tests="1" failures="0" timestamp="12 Sep 2018 18:04:25 GMT" time="13.339" errors="0">
  <testcase name="rcgDirect_Demo" time="13.339" classname="com.rcgdirect.tests.RCG_Demo"/>
</testsuite> <!-- com.rcgdirect.tests.RCG_Demo -->
