<?xml version="1.0" encoding="UTF-8"?>
<!-- Generated by org.testng.reporters.JUnitReportReporter -->
<testsuite skipped="0" hostname="tilekbeks-MacBook-Pro.local" name="com.rcgdirect.runners.CukesRunner" tests="1" failures="0" timestamp="13 Sep 2018 04:54:52 GMT" time="5.319" errors="0">
  <testcase name="feature" time="5.319" classname="com.rcgdirect.runners.CukesRunner"/>
</testsuite> <!-- com.rcgdirect.runners.CukesRunner -->
