<?xml version="1.0" encoding="UTF-8"?>
<!-- Generated by org.testng.reporters.JUnitReportReporter -->
<testsuite skipped="1" hostname="tilekbeks-MacBook-Pro.local" name="com.rcgdirect.tests.RCG_BackEnd_Demo" tests="2" failures="0" timestamp="12 Sep 2018 21:27:55 GMT" time="1.182" errors="0">
  <testcase name="backEndAutomation" time="1.182" classname="com.rcgdirect.tests.RCG_BackEnd_Demo"/>
  <testcase name="test" classname="com.rcgdirect.tests.RCG_BackEnd_Demo">
    <skipped/>
  </testcase> <!-- test -->
</testsuite> <!-- com.rcgdirect.tests.RCG_BackEnd_Demo -->
