<?xml version="1.0" encoding="UTF-8"?>
<!-- Generated by org.testng.reporters.JUnitReportReporter -->
<testsuite skipped="0" hostname="tilekbeks-MacBook-Pro.local" name="com.rcgdirect.tests.RCG_FrontEnd_Demo" tests="1" failures="0" timestamp="13 Sep 2018 04:51:44 GMT" time="11.523" errors="0">
  <testcase name="rcgDirect_Demo" time="11.523" classname="com.rcgdirect.tests.RCG_FrontEnd_Demo"/>
</testsuite> <!-- com.rcgdirect.tests.RCG_FrontEnd_Demo -->
