<?xml version="1.0" encoding="UTF-8"?>
<!-- Generated by org.testng.reporters.JUnitReportReporter -->
<testsuite skipped="1" hostname="tilekbeks-MacBook-Pro.local" name="com.rcgdirect.tests.testDemo" tests="2" failures="0" timestamp="13 Sep 2018 20:15:28 GMT" time="4.608" errors="0">
  <testcase name="test2" time="4.608" classname="com.rcgdirect.tests.testDemo"/>
  <testcase name="test1" classname="com.rcgdirect.tests.testDemo">
    <skipped/>
  </testcase> <!-- test1 -->
</testsuite> <!-- com.rcgdirect.tests.testDemo -->
