<?xml version="1.0" encoding="UTF-8"?>
<!-- Generated by org.testng.reporters.JUnitReportReporter -->
<testsuite skipped="0" hostname="tilekbeks-MacBook-Pro.local" name="com.way2b1.runners.smokeRunner" tests="1" failures="0" timestamp="28 Oct 2018 19:49:25 GMT" time="4.535" errors="0">
  <testcase name="feature" time="4.535" classname="com.way2b1.runners.smokeRunner"/>
</testsuite> <!-- com.way2b1.runners.smokeRunner -->
