<?xml version="1.0" encoding="UTF-8"?>
<!-- Generated by org.testng.reporters.JUnitReportReporter -->
<testsuite skipped="0" hostname="tilekbeks-MacBook-Pro.local" name="com.way2b1.runners.someRunner" tests="1" failures="0" timestamp="27 Oct 2018 20:17:24 GMT" time="4.222" errors="0">
  <testcase name="feature" time="4.222" classname="com.way2b1.runners.someRunner"/>
</testsuite> <!-- com.way2b1.runners.someRunner -->
