<?xml version="1.0" encoding="UTF-8"?>
<!-- Generated by org.testng.reporters.JUnitReportReporter -->
<testsuite skipped="0" hostname="tilekbeks-MacBook-Pro.local" name="com.way2b1.tests.Test1" tests="1" failures="0" timestamp="26 Oct 2018 20:53:14 GMT" time="9.601" errors="0">
  <testcase name="test1" time="9.601" classname="com.way2b1.tests.Test1"/>
</testsuite> <!-- com.way2b1.tests.Test1 -->
